Log file open, 11/23/17 14:08:56
LogWindows: Failed to load 'aqProf.dll' (GetLastError=126)
LogWindows: File 'aqProf.dll' does not exist
LogWindows: Failed to load 'VtuneApi.dll' (GetLastError=126)
LogWindows: File 'VtuneApi.dll' does not exist
LogWindows: Failed to load 'VtuneApi32e.dll' (GetLastError=126)
LogWindows: File 'VtuneApi32e.dll' does not exist
LogInit: Display: Running engine for game: ITGame
LogPlatformFile: Not using cached read wrapper
LogInit: Display: RandInit(-774293810) SRandInit(-774293810).
LogTaskGraph: Started task graph with 5 named threads and 8 total threads with 3 sets of task threads.
LogStats: Stats thread started at 0.129001
LogD3D11RHI: Aftermath initialized
LogPluginManager: Mounting plugin Paper2D
LogPluginManager: Mounting plugin LightPropagationVolume
LogPluginManager: Mounting plugin CodeLiteSourceCodeAccess
LogPluginManager: Mounting plugin GitSourceControl
LogPluginManager: Mounting plugin KDevelopSourceCodeAccess
LogPluginManager: Mounting plugin NullSourceCodeAccess
LogPluginManager: Mounting plugin PerforceSourceControl
LogPluginManager: Mounting plugin SubversionSourceControl
LogPluginManager: Mounting plugin UObjectPlugin
LogPluginManager: Mounting plugin VisualStudioSourceCodeAccess
LogPluginManager: Mounting plugin XCodeSourceCodeAccess
LogPluginManager: Mounting plugin AssetManagerEditor
LogPluginManager: Mounting plugin AudioCapture
LogPluginManager: Mounting plugin FacialAnimation
LogPluginManager: Mounting plugin GameplayTagsEditor
LogPluginManager: Mounting plugin MobileLauncherProfileWizard
LogPluginManager: Mounting plugin PluginBrowser
LogPluginManager: Mounting plugin SpeedTreeImporter
LogPluginManager: Mounting plugin AlembicImporter
LogPluginManager: Mounting plugin CharacterAI
LogPluginManager: Mounting plugin HTML5Networking
LogPluginManager: Mounting plugin AndroidMedia
LogPluginManager: Mounting plugin AvfMedia
LogPluginManager: Mounting plugin MediaPlayerEditor
LogPluginManager: Mounting plugin WmfMedia
LogPluginManager: Mounting plugin TcpMessaging
LogPluginManager: Mounting plugin UdpMessaging
LogPluginManager: Mounting plugin LevelSequenceEditor
LogPluginManager: Mounting plugin MatineeToLevelSequence
LogPluginManager: Mounting plugin OnlineSubsystemGooglePlay
LogPluginManager: Mounting plugin OnlineSubsystemIOS
LogPluginManager: Mounting plugin OnlineSubsystem
LogPluginManager: Mounting plugin OnlineSubsystemNull
LogPluginManager: Mounting plugin OnlineSubsystemUtils
LogPluginManager: Mounting plugin AndroidDeviceProfileSelector
LogPluginManager: Mounting plugin AndroidMoviePlayer
LogPluginManager: Mounting plugin AndroidPermission
LogPluginManager: Mounting plugin AppleMoviePlayer
LogPluginManager: Mounting plugin ArchVisCharacter
LogPluginManager: Mounting plugin CableComponent
LogPluginManager: Mounting plugin CustomMeshComponent
LogPluginManager: Mounting plugin ExampleDeviceProfileSelector
LogPluginManager: Mounting plugin GoogleCloudMessaging
LogPluginManager: Mounting plugin ImmediatePhysics
LogPluginManager: Mounting plugin IOSDeviceProfileSelector
LogPluginManager: Mounting plugin LinuxDeviceProfileSelector
LogPluginManager: Mounting plugin LocationServicesBPLibrary
LogPluginManager: Mounting plugin MobilePatchingUtils
LogPluginManager: Mounting plugin OculusVR
LogPluginManager: Mounting plugin PhysXVehicles
LogPluginManager: Mounting plugin ProceduralMeshComponent
LogPluginManager: Mounting plugin RuntimePhysXCooking
LogPluginManager: Mounting plugin SteamVR
LogPluginManager: Mounting plugin WindowsMoviePlayer
LogInit: Using libcurl 7.47.1
LogInit:  - built for x86_64-pc-win32
LogInit:  - supports SSL with OpenSSL/1.0.2g
LogInit:  - supports HTTP deflate (compression) using libz 1.2.8
LogInit:  - other features:
LogInit:      CURL_VERSION_SSL
LogInit:      CURL_VERSION_LIBZ
LogInit:      CURL_VERSION_IPV6
LogInit:      CURL_VERSION_ASYNCHDNS
LogInit:      CURL_VERSION_LARGEFILE
LogInit:      CURL_VERSION_IDN
LogInit:  CurlRequestOptions (configurable via config and command line):
LogInit:  - bVerifyPeer = false  - Libcurl will NOT verify peer certificate
LogInit:  - bUseHttpProxy = false  - Libcurl will NOT use HTTP proxy
LogInit:  - bDontReuseConnections = false  - Libcurl will reuse connections
LogInit:  - CertBundlePath = nullptr  - Libcurl will use whatever was configured at build time.
LogInit: Build: ++UE4+Release-4.17-CL-3658906
LogInit: Engine Version: 4.17.2-3658906+++UE4+Release-4.17
LogInit: Compatible Engine Version: 4.17.0-3573198+++UE4+Release-4.17
LogInit: Net CL: 3573198
LogDevObjectVersion: Number of dev versions registered: 16
LogDevObjectVersion:   Dev-Blueprints (B0D832E4-1F89-4F0D-ACCF-7EB736FD4AA2): 10
LogDevObjectVersion:   Dev-Build (E1C64328-A22C-4D53-A36C-8E866417BD8C): 0
LogDevObjectVersion:   Dev-Core (375EC13C-06E4-48FB-B500-84F0262A717E): 2
LogDevObjectVersion:   Dev-Editor (E4B068ED-F494-42E9-A231-DA0B2E46BB41): 20
LogDevObjectVersion:   Dev-Framework (CFFC743F-43B0-4480-9391-14DF171D2073): 28
LogDevObjectVersion:   Dev-Mobile (B02B49B5-BB20-44E9-A304-32B752E40360): 0
LogDevObjectVersion:   Dev-Networking (A4E4105C-59A1-49B5-A7C5-40C4547EDFEE): 0
LogDevObjectVersion:   Dev-Online (39C831C9-5AE6-47DC-9A44-9C173E1C8E7C): 0
LogDevObjectVersion:   Dev-Physics (78F01B33-EBEA-4F98-B9B4-84EACCB95AA2): 0
LogDevObjectVersion:   Dev-Platform (6631380F-2D4D-43E0-8009-CF276956A95A): 0
LogDevObjectVersion:   Dev-Rendering (12F88B9F-8875-4AFC-A67C-D90C383ABD29): 19
LogDevObjectVersion:   Dev-Sequencer (7B5AE74C-D270-4C10-A958-57980B212A5A): 4
LogDevObjectVersion:   Dev-VR (D7296918-1DD6-4BDD-9DE2-64A83CC13884): 0
LogDevObjectVersion:   Dev-LoadTimes (C2A15278-BFE7-4AFE-6C17-90FF531DF755): 1
LogDevObjectVersion:   Private-Geometry (6EACA3D4-40EC-4CC1-B786-8BED09428FC5): 1
LogDevObjectVersion:   Dev-AnimPhys (29E575DD-E0A3-4627-9D10-D276232CDCEA): 7
LogInit: Compiled (64-bit): Sep 22 2017 13:47:16
LogInit: Compiled with Visual C++: 19.00.24215.01
LogInit: Build Configuration: Development
LogInit: Branch Name: ++UE4+Release-4.17
LogInit: Command line:  
LogInit: Base directory: C:/Program Files/Epic Games/UE_4.17/Engine/Binaries/Win64/
LogInit: Installed Engine Build: 1
LogInit: Presizing for max 8388607 objects, including 0 objects not considered by GC, pre-allocating 0 bytes for permanent pool.
LogInit: Object subsystem initialized
[2017.11.23-03.08.57:483][  0]LogInit: Selected Device Profile: [Windows]
[2017.11.23-03.08.57:483][  0]LogInit: Applying CVar settings loaded from the selected device profile: [Windows]
[2017.11.23-03.08.57:528][  0]LogInit: Computer: DESKTOP-L0M3BTG
[2017.11.23-03.08.57:528][  0]LogInit: User: ShanukaGammana
[2017.11.23-03.08.57:528][  0]LogInit: CPU Page size=4096, Cores=2
[2017.11.23-03.08.57:528][  0]LogInit: High frequency timer resolution =1.570312 MHz
[2017.11.23-03.08.57:529][  0]LogMemory: Memory total: Physical=7.9GB (8GB approx)
[2017.11.23-03.08.57:530][  0]LogMemory: Platform Memory Stats for Windows
[2017.11.23-03.08.57:530][  0]LogMemory: Process Physical Memory: 278.20 MB used, 278.20 MB peak
[2017.11.23-03.08.57:530][  0]LogMemory: Process Virtual Memory: 280.12 MB used, 280.12 MB peak
[2017.11.23-03.08.57:530][  0]LogMemory: Physical Memory: 4601.18 MB used,  3459.04 MB free, 8060.22 MB total
[2017.11.23-03.08.57:530][  0]LogMemory: Virtual Memory: 671.12 MB used,  3459.04 MB free, 134217728.00 MB total
[2017.11.23-03.08.58:068][  0]LogInit: Using OS detected language (en-US).
[2017.11.23-03.08.58:068][  0]LogInit: Using OS detected locale (en-AU).
[2017.11.23-03.08.58:155][  0]LogTextLocalizationManager: No specific localization for 'en-US' exists, so the 'en' localization will be used.
[2017.11.23-03.09.01:635][  0]LogD3D11RHI: D3D11 adapters:
[2017.11.23-03.09.01:645][  0]LogD3D11RHI:    0. 'Intel(R) HD Graphics 615' (Feature Level 11_0)
[2017.11.23-03.09.01:645][  0]LogD3D11RHI:       128/0/4030 MB DedicatedVideo/DedicatedSystem/SharedSystem, Outputs:1, VendorId:0x8086
[2017.11.23-03.09.01:646][  0]LogD3D11RHI:    1. 'Microsoft Basic Render Driver' (Feature Level 11_0)
[2017.11.23-03.09.01:646][  0]LogD3D11RHI:       0/0/4030 MB DedicatedVideo/DedicatedSystem/SharedSystem, Outputs:0, VendorId:0x1414
[2017.11.23-03.09.01:646][  0]LogD3D11RHI: Chosen D3D11 Adapter: 0
[2017.11.23-03.09.01:655][  0]LogD3D11RHI: Creating new Direct3DDevice
[2017.11.23-03.09.01:656][  0]LogD3D11RHI:     GPU DeviceId: 0x591e (for the marketing name, search the web for "GPU Device Id")
[2017.11.23-03.09.01:656][  0]LogWindows: EnumDisplayDevices:
[2017.11.23-03.09.01:656][  0]LogWindows:    0. 'Intel(R) HD Graphics 615' (P:1 D:1)
[2017.11.23-03.09.01:656][  0]LogWindows:    1. 'Intel(R) HD Graphics 615' (P:0 D:0)
[2017.11.23-03.09.01:656][  0]LogWindows:    2. 'Intel(R) HD Graphics 615' (P:0 D:0)
[2017.11.23-03.09.01:657][  0]LogWindows: DebugString: FoundDriverCount:3 
[2017.11.23-03.09.01:657][  0]LogD3D11RHI:     Adapter Name: Intel(R) HD Graphics 615
[2017.11.23-03.09.01:657][  0]LogD3D11RHI:   Driver Version: 21.20.16.4534 (internal:21.20.16.4534, unified:21.20.16.4534)
[2017.11.23-03.09.01:657][  0]LogD3D11RHI:      Driver Date: 10-7-2016
[2017.11.23-03.09.01:657][  0]LogRHI: Texture pool is 1361 MB (70% of 1945 MB)
[2017.11.23-03.09.01:664][  0]LogD3D11RHI: Async texture creation enabled
[2017.11.23-03.09.01:739][  0]LogD3D11RHI: GPU Timing Frequency: 12.000000 (Debug: 2 0)
[2017.11.23-03.09.01:753][  0]LogShaderCompilers: Guid format shader working directory is -17 characters bigger than the processId version (../../../../../../Users/Shanuka Gammana/Documents/repos/05_ITGame/ITGame/Intermediate/Shaders/WorkingDirectory/13384/).
[2017.11.23-03.09.01:753][  0]LogShaderCompilers: Cleaned the shader compiler working directory 'C:/Users/Shanuka Gammana/AppData/Local/Temp/UnrealShaderWorkingDir/DA69019D4F25B8381C0C349345A737C7/'.
[2017.11.23-03.09.01:754][  0]LogShaderCompilers: Display: Using Local Shader Compiler.
[2017.11.23-03.09.05:405][  0]LogTemp: Display: Loaded TP AllDesktopTargetPlatform
[2017.11.23-03.09.05:619][  0]LogTemp: Display: Loaded TP MacClientTargetPlatform
[2017.11.23-03.09.05:886][  0]LogTemp: Display: Loaded TP MacNoEditorTargetPlatform
[2017.11.23-03.09.06:139][  0]LogTemp: Display: Loaded TP MacServerTargetPlatform
[2017.11.23-03.09.06:373][  0]LogTemp: Display: Loaded TP MacTargetPlatform
[2017.11.23-03.09.06:553][  0]LogTemp: Display: Loaded TP WindowsClientTargetPlatform
[2017.11.23-03.09.06:732][  0]LogTemp: Display: Loaded TP WindowsNoEditorTargetPlatform
[2017.11.23-03.09.06:908][  0]LogTemp: Display: Loaded TP WindowsServerTargetPlatform
[2017.11.23-03.09.07:064][  0]LogTemp: Display: Loaded TP WindowsTargetPlatform
[2017.11.23-03.09.07:255][  0]LogTemp: Display: Loaded TP AndroidTargetPlatform
[2017.11.23-03.09.07:448][  0]LogTemp: Display: Loaded TP Android_ASTCTargetPlatform
[2017.11.23-03.09.07:631][  0]LogTemp: Display: Loaded TP Android_ATCTargetPlatform
[2017.11.23-03.09.07:816][  0]LogTemp: Display: Loaded TP Android_DXTTargetPlatform
[2017.11.23-03.09.08:002][  0]LogTemp: Display: Loaded TP Android_ETC1TargetPlatform
[2017.11.23-03.09.08:181][  0]LogTemp: Display: Loaded TP Android_ETC2TargetPlatform
[2017.11.23-03.09.08:537][  0]LogTemp: Display: Loaded TP Android_MultiTargetPlatform
[2017.11.23-03.09.08:537][  0]LogTemp: Display: Loaded TP Android_PVRTCTargetPlatform
[2017.11.23-03.09.08:690][  0]LogTemp: Display: Loaded TP HTML5TargetPlatform
[2017.11.23-03.09.09:001][  0]LogTemp: Display: Loaded TP IOSTargetPlatform
[2017.11.23-03.09.09:113][  0]LogTemp: Display: Loaded TP TVOSTargetPlatform
[2017.11.23-03.09.09:293][  0]LogTemp: Display: Loaded TP LinuxClientTargetPlatform
[2017.11.23-03.09.09:466][  0]LogTemp: Display: Loaded TP LinuxNoEditorTargetPlatform
[2017.11.23-03.09.09:662][  0]LogTemp: Display: Loaded TP LinuxServerTargetPlatform
[2017.11.23-03.09.09:852][  0]LogTemp: Display: Loaded TP LinuxTargetPlatform
[2017.11.23-03.09.09:852][  0]LogTargetPlatformManager: Display: Building Assets For Windows
[2017.11.23-03.09.11:855][  0]LogDerivedDataCache: Display: Max Cache Size: 512 MB
[2017.11.23-03.09.12:706][  0]LogDerivedDataCache: Loaded boot cache 0.85s 93MB C:/Users/Shanuka Gammana/AppData/Local/UnrealEngine/4.17/DerivedDataCache/Boot.ddc.
[2017.11.23-03.09.12:706][  0]LogDerivedDataCache: Display: Loaded Boot cache: C:/Users/Shanuka Gammana/AppData/Local/UnrealEngine/4.17/DerivedDataCache/Boot.ddc
[2017.11.23-03.09.12:706][  0]LogDerivedDataCache: FDerivedDataBackendGraph:  Pak pak cache file ../../../../../../Users/Shanuka Gammana/Documents/repos/05_ITGame/ITGame/DerivedDataCache/DDC.ddp not found, will not use a pak cache.
[2017.11.23-03.09.12:706][  0]LogDerivedDataCache: Unable to find inner node Pak for hierarchical cache Hierarchy.
[2017.11.23-03.09.12:706][  0]LogDerivedDataCache: FDerivedDataBackendGraph:  CompressedPak pak cache file ../../../../../../Users/Shanuka Gammana/Documents/repos/05_ITGame/ITGame/DerivedDataCache/Compressed.ddp not found, will not use a pak cache.
[2017.11.23-03.09.12:707][  0]LogDerivedDataCache: Unable to find inner node CompressedPak for hierarchical cache Hierarchy.
[2017.11.23-03.09.12:762][  0]LogDerivedDataCache: Display: Pak cache opened for reading ../../../Engine/DerivedDataCache/Compressed.ddp.
[2017.11.23-03.09.12:775][  0]LogDerivedDataCache: Using Local data cache path C:/Users/Shanuka Gammana/AppData/Local/UnrealEngine/Common/DerivedDataCache: Writable
[2017.11.23-03.09.12:835][  0]LogMaterial: Verifying Global Shaders for PCD3D_SM5
[2017.11.23-03.09.12:888][  0]LogSlate: Using Freetype 2.6.0
[2017.11.23-03.09.12:941][  0]LogSlate: SlateFontCache - WITH_FREETYPE: 1, WITH_HARFBUZZ: 1
[2017.11.23-03.09.12:948][  0]LogSlate: SlateFontCache - WITH_FREETYPE: 1, WITH_HARFBUZZ: 1
[2017.11.23-03.09.15:113][  0]LogAssetRegistry: FAssetRegistry took 0.0427 seconds to start up
[2017.11.23-03.09.15:714][  0]LogInit: Selected Device Profile: [Windows]
[2017.11.23-03.09.17:028][  0]LogContentStreaming: Texture pool size is 0.00 MB
[2017.11.23-03.09.18:294][  0]LogSimplygon: Simplygon DLL not present - disabling.
[2017.11.23-03.09.18:440][  0]LogMeshReduction: Using SimplygonSwarm for distributed automatic mesh merging
[2017.11.23-03.09.18:441][  0]LogMeshReduction: Using QuadricMeshReduction for automatic static mesh reduction
[2017.11.23-03.09.18:441][  0]LogMeshReduction: No automatic skeletal mesh reduction module available
[2017.11.23-03.09.18:441][  0]LogMeshReduction: No automatic mesh merging module available
[2017.11.23-03.09.18:441][  0]LogMeshMerging: No automatic mesh merging module available
[2017.11.23-03.09.20:843][  0]LogNetVersion: ITGame , NetCL: 3573198, EngineNetVer: 2, GameNetVer: 0 (Checksum: 1535791729)
[2017.11.23-03.09.22:301][  0]LogPackageLocalizationCache: Processed 5 localized package path(s) for 2 prioritized culture(s) in 0.115265 seconds
[2017.11.23-03.09.22:320][  0]LogUObjectArray: 35825 objects as part of root set at end of initial load.
[2017.11.23-03.09.22:320][  0]LogUObjectAllocator: 7529112 out of 0 bytes used by permanent object pool.
[2017.11.23-03.09.22:320][  0]LogUObjectArray: CloseDisregardForGC: 0/0 objects in disregard for GC pool
[2017.11.23-03.09.22:438][  0]LogInit: WinSock: version 1.1 (2.2), MaxSocks=32767, MaxUdp=65467
[2017.11.23-03.09.39:028][  0]LogTcpMessaging: Initializing TcpMessaging bridge
[2017.11.23-03.09.39:147][  0]LogUdpMessaging: Initializing bridge on interface 0.0.0.0:0 to multicast group 230.0.0.1:6666.
[2017.11.23-03.09.42:039][  0]LogMaterial: Uniform references updated for custom material expression Custom.
[2017.11.23-03.09.44:061][  0]SourceControl: Source control is disabled
[2017.11.23-03.09.44:061][  0]SourceControl: Source control is disabled
[2017.11.23-03.09.44:253][  0]SourceControl: Source control is disabled
[2017.11.23-03.09.44:433][  0]SourceControl: Source control is disabled
[2017.11.23-03.09.46:552][  0]LogAndroidPermission: UAndroidPermissionCallbackProxy::GetInstance
[2017.11.23-03.09.47:482][  0]LogOcInput: OculusInput pre-init called
[2017.11.23-03.09.48:591][  0]LogEngine: Initializing Engine...
[2017.11.23-03.09.48:601][  0]LogHMD: Failed to initialize OpenVR with code 110
[2017.11.23-03.09.49:908][  0]LogStats: UGameplayTagsManager::ConstructGameplayTagTree: Construct from data asset -  0.000 s
[2017.11.23-03.09.49:909][  0]LogStats: UGameplayTagsManager::ConstructGameplayTagTree: GameplayTagTreeChangedEvent.Broadcast -  0.000 s
[2017.11.23-03.09.50:438][  0]LogAIModule: Creating AISystem for world Untitled
[2017.11.23-03.09.50:483][  0]LogInit: XAudio2 using 'Speakers (Realtek High Definition Audio)' : 2 channels at 48 kHz using 32 bits per sample (channel mask 0x3)
[2017.11.23-03.09.50:534][  0]LogInit: FAudioDevice initialized.
[2017.11.23-03.09.50:717][  0]LogDerivedDataCache: Saved boot cache 0.18s 93MB C:/Users/Shanuka Gammana/AppData/Local/UnrealEngine/4.17/DerivedDataCache/Boot.ddc.
[2017.11.23-03.09.50:760][  0]LogInit: Texture streaming: Enabled
[2017.11.23-03.09.51:186][  0]LogEngineSessionManager: EngineSessionManager initialized
[2017.11.23-03.09.52:020][  0]LogInit: Transaction tracking system initialized
[2017.11.23-03.09.53:126][  0]BlueprintLog: New page: Editor Load
[2017.11.23-03.09.56:289][  0]LocalizationService: Localization service is disabled
[2017.11.23-03.09.58:444][  0]LogLinker: Warning: Can't find file '/Game/ThirdPersonBP/ThirdPersonOverview'
[2017.11.23-03.09.58:444][  0]LogLinker: Warning: Can't find file '/Game/ThirdPersonBP/ThirdPersonOverview'
[2017.11.23-03.09.58:444][  0]LogUObjectGlobals: Warning: Failed to find object 'Class /Game/ThirdPersonBP/ThirdPersonOverview.ThirdPersonOverview_C'
[2017.11.23-03.09.59:206][  0]LogConsoleResponse: Display: 
[2017.11.23-03.10.00:692][  0]LogCook: Display: Max memory allowance for cook 16384mb min free memory 0mb
[2017.11.23-03.10.00:693][  0]LogCook: Display: Mobile HDR setting 1
[2017.11.23-03.10.00:696][  0]LogFileCache: Scanning file cache for directory 'C:/Users/Shanuka Gammana/Documents/repos/05_ITGame/ITGame/Content/' took 0.03s
[2017.11.23-03.10.00:696][  0]LogGameplayTags: Display: UGameplayTagsManager::DoneAddingNativeTags. DelegateIsBound: 0
[2017.11.23-03.10.04:275][  0]SourceControl: Source control is disabled
[2017.11.23-03.10.04:280][  0]Cmd: MAP LOAD FILE="../../../../../../Users/Shanuka Gammana/Documents/repos/05_ITGame/ITGame/Content/Levels/MainMenu.umap" TEMPLATE=0 SHOWPROGRESS=1 FEATURELEVEL=3
[2017.11.23-03.10.04:300][  0]LightingResults: New page: Lighting Build
[2017.11.23-03.10.04:479][  0]MapCheck: New page: Map Check
[2017.11.23-03.10.04:479][  0]LightingResults: New page: Lighting Build
[2017.11.23-03.10.09:066][  0]LogAIModule: Creating AISystem for world MainMenu
[2017.11.23-03.10.09:254][  0]LogEditorServer: Finished looking for orphan Actors (0.000 secs)
[2017.11.23-03.10.09:312][  0]Cmd: MAP CHECKDEP NOCLEARLOG
[2017.11.23-03.10.09:525][  0]MapCheck: Map check complete: 0 Error(s), 0 Warning(s), took 213.364ms to complete.
[2017.11.23-03.10.09:526][  0]LogFileHelpers: Loading map 'MainMenu' took 5.248
[2017.11.23-03.10.09:875][  0]LogCollectionManager: Loaded 0 collections in 0.006043 seconds
[2017.11.23-03.10.10:100][  0]LogFileCache: Scanning file cache for directory 'C:/Users/Shanuka Gammana/Documents/repos/05_ITGame/ITGame/Saved/Collections/' took 0.01s
[2017.11.23-03.10.10:100][  0]LogFileCache: Scanning file cache for directory 'C:/Users/Shanuka Gammana/Documents/repos/05_ITGame/ITGame/Content/Developers/ShanukaGammana/Collections/' took 0.01s
[2017.11.23-03.10.10:100][  0]LogFileCache: Scanning file cache for directory 'C:/Users/Shanuka Gammana/Documents/repos/05_ITGame/ITGame/Content/Collections/' took 0.01s
[2017.11.23-03.10.10:100][  0]LogCollectionManager: Rebuilt the GUID cache for 0 collections in 0.000001 seconds
[2017.11.23-03.10.10:140][  0]LogContentBrowser: Native class hierarchy populated in 0.0385 seconds. Added 2387 classes and 502 folders.
[2017.11.23-03.10.10:374][  0]LogContentBrowser: Native class hierarchy updated for 'WidgetCarousel' in 0.0066 seconds. Added 0 classes and 0 folders.
[2017.11.23-03.10.11:566][  0]LogContentBrowser: Native class hierarchy updated for 'AddContentDialog' in 0.0036 seconds. Added 0 classes and 0 folders.
[2017.11.23-03.10.12:117][  0]LogContentBrowser: Native class hierarchy updated for 'SceneOutliner' in 0.0073 seconds. Added 1 classes and 2 folders.
[2017.11.23-03.10.16:398][  0]LogSlate: Took 0.020733 seconds to synchronously load lazily loaded font '../../../Engine/Content/Slate/Fonts/Roboto-Regular.ttf' (155K)
[2017.11.23-03.10.16:443][  0]LogSlate: Took 0.028709 seconds to synchronously load lazily loaded font '../../../Engine/Content/Editor/Slate/Fonts/FontAwesome.ttf' (139K)
[2017.11.23-03.10.16:465][  0]LogSlate: Took 0.018925 seconds to synchronously load lazily loaded font '../../../Engine/Content/Slate/Fonts/Roboto-Bold.ttf' (160K)
[2017.11.23-03.10.16:510][  0]LogSlate: Took 0.033871 seconds to synchronously load lazily loaded font '../../../Engine/Content/Editor/Slate/Fonts/DroidSansMono.ttf' (77K)
[2017.11.23-03.10.17:090][  0]LogTemp: Executing iPhonePackager certificates Engine -bundlename com.YourCompany.ITGame
[2017.11.23-03.10.17:090][  0]LogTemp: CWD: C:\Program Files\Epic Games\UE_4.17\Engine\Binaries\DotNET\IOS
[2017.11.23-03.10.17:091][  0]LogTemp: Initial Dir: C:\Program Files\Epic Games\UE_4.17
[2017.11.23-03.10.17:091][  0]LogTemp: Env CWD: C:\Program Files\Epic Games\UE_4.17\Engine\Binaries\DotNET\IOS
[2017.11.23-03.10.17:091][  0]LogTemp: BranchPath = DESKTOP-L0M3BTG/C/Program Files/Epic Games/UE_4.17/Engine/Binaries --- GameBranchPath = DESKTOP-L0M3BTG/C/Program Files/Epic Games/UE_4.17/Engine/Binaries
[2017.11.23-03.10.17:092][  0]LogTemp: IPP ERROR: Could not find provision directory 'C:\Users\Shanuka Gammana\AppData\Local/Apple Computer/MobileDevice/Provisioning Profiles/'.
[2017.11.23-03.10.17:093][  0]LogRenderer: Reallocating scene render targets to support 860x888 Format 10 NumSamples 1 (Frame:1).
[2017.11.23-03.10.19:774][  0]LogContentBrowser: Native class hierarchy updated for 'HierarchicalLODOutliner' in 0.0053 seconds. Added 1 classes and 2 folders.
[2017.11.23-03.10.19:775][  0]LogLoad: (Engine Initialization) Total time: 86.02 seconds
[2017.11.23-03.10.19:776][  0]LogLoad: (Engine Initialization) Total Blueprint compile time: 0.00 seconds
[2017.11.23-03.10.19:777][  0]LogExternalProfiler: Found external profiler: VSPerf
[2017.11.23-03.10.19:778][  0]LogExternalProfiler: Using external profiler: VSPerf
[2017.11.23-03.10.20:204][  0]LogContentStreaming: Texture pool size now 3000 MB
[2017.11.23-03.10.20:371][  0]LogSlate: Took 0.021138 seconds to synchronously load lazily loaded font '../../../Engine/Content/Slate/Fonts/Roboto-Light.ttf' (159K)
[2017.11.23-03.10.20:586][  1]LogRenderer: Reallocating scene render targets to support 860x904 Format 10 NumSamples 1 (Frame:3).
[2017.11.23-03.10.23:878][  8]LogAssetRegistry: Asset discovery search completed in 68.7897 seconds
[2017.11.23-03.10.23:892][  8]LogCollectionManager: Rebuilt the object cache for 0 collections in 0.000002 seconds (found 0 objects)
[2017.11.23-03.10.23:893][  8]LogCollectionManager: Fixed up redirectors for 0 collections in 0.001118 seconds (updated 0 objects)
[2017.11.23-03.10.38:252][ 54]LogEditorViewport: Clicking on Actor (LMB): Block_BP_C (Block_BP2)
[2017.11.23-03.10.43:801][144]LogSlate: Took 0.000302 seconds to synchronously load lazily loaded font '../../../Engine/Content/Slate/Fonts/Roboto-Light.ttf' (159K)
[2017.11.23-03.10.45:604][144]LogAIModule: Creating AISystem for world Level1
[2017.11.23-03.10.45:762][144]LogSlate: Took 0.000200 seconds to synchronously load lazily loaded font '../../../Engine/Content/Slate/Fonts/Roboto-Regular.ttf' (155K)
[2017.11.23-03.10.45:795][144]Cmd: MAP LOAD FILE="../../../../../../Users/Shanuka Gammana/Documents/repos/05_ITGame/ITGame/Content/Levels/Level1.umap" TEMPLATE=0 SHOWPROGRESS=1 FEATURELEVEL=3
[2017.11.23-03.10.45:795][144]LightingResults: New page: Lighting Build
[2017.11.23-03.10.45:796][144]LoadErrors: New page: Loading map: Level1.umap
[2017.11.23-03.10.45:798][144]MapCheck: New page: Map Check
[2017.11.23-03.10.45:798][144]LightingResults: New page: Lighting Build
[2017.11.23-03.10.45:976][144]LogEditorServer: Finished looking for orphan Actors (0.000 secs)
[2017.11.23-03.10.46:050][144]Cmd: MAP CHECKDEP NOCLEARLOG
[2017.11.23-03.10.46:118][144]MapCheck: Map check complete: 0 Error(s), 0 Warning(s), took 67.445ms to complete.
[2017.11.23-03.10.46:118][144]LogFileHelpers: Loading map 'Level1' took 0.328
[2017.11.23-03.10.58:853][351]LogAIModule: Creating AISystem for world Level2
[2017.11.23-03.10.58:999][351]Cmd: MAP LOAD FILE="../../../../../../Users/Shanuka Gammana/Documents/repos/05_ITGame/ITGame/Content/Levels/Level2.umap" TEMPLATE=0 SHOWPROGRESS=1 FEATURELEVEL=3
[2017.11.23-03.10.58:999][351]LightingResults: New page: Lighting Build
[2017.11.23-03.10.59:000][351]LoadErrors: New page: Loading map: Level2.umap
[2017.11.23-03.10.59:002][351]MapCheck: New page: Map Check
[2017.11.23-03.10.59:003][351]LightingResults: New page: Lighting Build
[2017.11.23-03.10.59:195][351]LogEditorServer: Finished looking for orphan Actors (0.000 secs)
[2017.11.23-03.10.59:265][351]Cmd: MAP CHECKDEP NOCLEARLOG
[2017.11.23-03.10.59:328][351]MapCheck: Map check complete: 0 Error(s), 0 Warning(s), took 63.49ms to complete.
[2017.11.23-03.10.59:329][351]LogFileHelpers: Loading map 'Level2' took 0.330
[2017.11.23-03.11.09:382][465]LogContentBrowser: Native class hierarchy updated for 'BlueprintGraph' in 0.0019 seconds. Added 113 classes and 0 folders.
[2017.11.23-03.11.10:414][465]LogSlate: Took 0.007698 seconds to synchronously load lazily loaded font '../../../Engine/Content/Editor/Slate/Fonts/Roboto-BoldCondensed.ttf' (158K)
[2017.11.23-03.11.10:554][466]LogSlate: Took 0.008024 seconds to synchronously load lazily loaded font '../../../Engine/Content/Editor/Slate/Fonts/Roboto-Italic.ttf' (157K)
[2017.11.23-03.11.38:719][226]Cmd: DELETE
[2017.11.23-03.11.38:719][226]Cmd: ACTOR DELETE
[2017.11.23-03.11.38:732][226]LogEditorActor: Deleted Actor: Block2_BP_C
[2017.11.23-03.11.38:797][226]LogEditorActor: Deleted 1 Actors (0.069 secs)
[2017.11.23-03.11.40:322][257]LogTemp: Repeating last play command: New Editor Window (PIE)
[2017.11.23-03.11.40:416][257]LogBlueprintUserMessages: Early PlayInEditor Detection: Level '/Game/Levels/Level2.Level2:PersistentLevel' has LevelScriptBlueprint '/Game/Levels/Level2.Level2:PersistentLevel.Level2' with GeneratedClass '/Game/Levels/Level2.Level2_C' with ClassGeneratedBy '/Game/Levels/Level2.Level2:PersistentLevel.Level2'
[2017.11.23-03.11.40:417][257]LogPlayLevel: PlayLevel: No blueprints needed recompiling
[2017.11.23-03.11.40:423][257]PIE: New page: PIE session: Level2 (24 Nov 2017 1:11:40 am)
[2017.11.23-03.11.40:424][257]LogPlayLevel: Creating play world package: /Game/Levels/UEDPIE_0_Level2
[2017.11.23-03.11.40:457][257]LogPlayLevel: PIE: StaticDuplicateObject took: (0.032001s)
[2017.11.23-03.11.40:457][257]LogAIModule: Creating AISystem for world Level2
[2017.11.23-03.11.40:458][257]LogPlayLevel: PIE: World Init took: (0.000996s)
[2017.11.23-03.11.40:460][257]LogPlayLevel: PIE: Created PIE world by copying editor world from /Game/Levels/Level2.Level2 to /Game/Levels/UEDPIE_0_Level2.Level2 (0.035839s)
[2017.11.23-03.11.40:495][257]LogInit: XAudio2 using 'Speakers (Realtek High Definition Audio)' : 2 channels at 48 kHz using 32 bits per sample (channel mask 0x3)
[2017.11.23-03.11.40:508][257]LogInit: FAudioDevice initialized.
[2017.11.23-03.11.40:573][257]LogLoad: Game class is 'GameMode_BP_C'
[2017.11.23-03.11.40:613][257]LogWorld: Bringing World /Game/Levels/UEDPIE_0_Level2.Level2 up for play (max tick rate 0) at 2017.11.23-14.11.40
[2017.11.23-03.11.40:634][257]LogWorld: Bringing up level for play took: 0.033853
[2017.11.23-03.11.40:715][257]LogContentBrowser: Native class hierarchy updated for 'MovieSceneCapture' in 0.0016 seconds. Added 11 classes and 0 folders.
[2017.11.23-03.11.40:745][257]PIE: Play in editor start time for /Game/Levels/UEDPIE_0_Level2 -0.459
[2017.11.23-03.11.40:745][257]LogBlueprintUserMessages: Late PlayInEditor Detection: Level '/Game/Levels/Level2.Level2:PersistentLevel' has LevelScriptBlueprint '/Game/Levels/Level2.Level2:PersistentLevel.Level2' with GeneratedClass '/Game/Levels/Level2.Level2_C' with ClassGeneratedBy '/Game/Levels/Level2.Level2:PersistentLevel.Level2'
[2017.11.23-03.11.40:955][257]LogRenderer: Reallocating scene render targets to support 1292x904 Format 10 NumSamples 1 (Frame:1).
[2017.11.23-03.11.46:951][375]LogBlueprintUserMessages: Early EndPlayMap Detection: Level '/Game/Levels/Level2.Level2:PersistentLevel' has LevelScriptBlueprint '/Game/Levels/Level2.Level2:PersistentLevel.Level2' with GeneratedClass '/Game/Levels/Level2.Level2_C' with ClassGeneratedBy '/Game/Levels/Level2.Level2:PersistentLevel.Level2'
[2017.11.23-03.11.47:075][375]LogBlueprintUserMessages: Late EndPlayMap Detection: Level '/Game/Levels/Level2.Level2:PersistentLevel' has LevelScriptBlueprint '/Game/Levels/Level2.Level2:PersistentLevel.Level2' with GeneratedClass '/Game/Levels/Level2.Level2_C' with ClassGeneratedBy '/Game/Levels/Level2.Level2:PersistentLevel.Level2'
[2017.11.23-03.11.52:244][597]LogTemp: Repeating last play command: New Editor Window (PIE)
[2017.11.23-03.11.52:278][597]LogBlueprintUserMessages: Early PlayInEditor Detection: Level '/Game/Levels/Level2.Level2:PersistentLevel' has LevelScriptBlueprint '/Game/Levels/Level2.Level2:PersistentLevel.Level2' with GeneratedClass '/Game/Levels/Level2.Level2_C' with ClassGeneratedBy '/Game/Levels/Level2.Level2:PersistentLevel.Level2'
[2017.11.23-03.11.52:279][597]LogPlayLevel: PlayLevel: No blueprints needed recompiling
[2017.11.23-03.11.52:279][597]PIE: New page: PIE session: Level2 (24 Nov 2017 1:11:52 am)
[2017.11.23-03.11.52:279][597]LogPlayLevel: Creating play world package: /Game/Levels/UEDPIE_0_Level2
[2017.11.23-03.11.52:314][597]LogPlayLevel: PIE: StaticDuplicateObject took: (0.033846s)
[2017.11.23-03.11.52:315][597]LogAIModule: Creating AISystem for world Level2
[2017.11.23-03.11.52:315][597]LogPlayLevel: PIE: World Init took: (0.001329s)
[2017.11.23-03.11.52:316][597]LogPlayLevel: PIE: Created PIE world by copying editor world from /Game/Levels/Level2.Level2 to /Game/Levels/UEDPIE_0_Level2.Level2 (0.036253s)
[2017.11.23-03.11.52:348][597]LogInit: XAudio2 using 'Speakers (Realtek High Definition Audio)' : 2 channels at 48 kHz using 32 bits per sample (channel mask 0x3)
[2017.11.23-03.11.52:357][597]LogInit: FAudioDevice initialized.
[2017.11.23-03.11.52:405][597]LogLoad: Game class is 'GameMode_BP_C'
[2017.11.23-03.11.52:419][597]LogWorld: Bringing World /Game/Levels/UEDPIE_0_Level2.Level2 up for play (max tick rate 0) at 2017.11.23-14.11.52
[2017.11.23-03.11.52:421][597]LogWorld: Bringing up level for play took: 0.014439
[2017.11.23-03.11.52:430][597]PIE: Play in editor start time for /Game/Levels/UEDPIE_0_Level2 -0.774
[2017.11.23-03.11.52:431][597]LogBlueprintUserMessages: Late PlayInEditor Detection: Level '/Game/Levels/Level2.Level2:PersistentLevel' has LevelScriptBlueprint '/Game/Levels/Level2.Level2:PersistentLevel.Level2' with GeneratedClass '/Game/Levels/Level2.Level2_C' with ClassGeneratedBy '/Game/Levels/Level2.Level2:PersistentLevel.Level2'
[2017.11.23-03.11.55:162][649]LogBlueprintUserMessages: Early EndPlayMap Detection: Level '/Game/Levels/Level2.Level2:PersistentLevel' has LevelScriptBlueprint '/Game/Levels/Level2.Level2:PersistentLevel.Level2' with GeneratedClass '/Game/Levels/Level2.Level2_C' with ClassGeneratedBy '/Game/Levels/Level2.Level2:PersistentLevel.Level2'
[2017.11.23-03.11.55:278][649]LogBlueprintUserMessages: Late EndPlayMap Detection: Level '/Game/Levels/Level2.Level2:PersistentLevel' has LevelScriptBlueprint '/Game/Levels/Level2.Level2:PersistentLevel.Level2' with GeneratedClass '/Game/Levels/Level2.Level2_C' with ClassGeneratedBy '/Game/Levels/Level2.Level2:PersistentLevel.Level2'
[2017.11.23-03.11.59:428][688]LogEditorViewport: Clicking Background
[2017.11.23-03.34.26:850][643]LogD3D11RHI: Timed out while waiting for GPU to catch up. (500 ms)
[2017.11.23-03.34.29:114][646]LogHttp: Warning: 0000021C306ABA00: request failed, libcurl error: 6 (Couldn't resolve host name)
[2017.11.23-03.34.29:114][646]LogHttp: Warning: 0000021C306ABA00: libcurl info message cache 0 (Hostname in DNS cache was stale, zapped)
[2017.11.23-03.34.29:115][646]LogHttp: Warning: 0000021C306ABA00: libcurl info message cache 1 (Could not resolve host: datarouter.ol.epicgames.com)
[2017.11.23-03.34.29:115][646]LogHttp: Warning: 0000021C306ABA00: libcurl info message cache 2 (Closing connection 4)
[2017.11.23-03.34.37:482][670]LogSlate: Took 0.008325 seconds to synchronously load lazily loaded font '../../../Engine/Content/Slate/Fonts/Roboto-Light.ttf' (159K)
[2017.11.23-03.34.38:840][670]LogSavePackage: Save=1174.59ms
[2017.11.23-03.34.38:840][670]LogSavePackage: Moving '../../../../../../Users/Shanuka Gammana/Documents/repos/05_ITGame/ITGame/Saved/Level2_Auto1E954F1304CC7ED8D491081BDF91334D5.tmp' to '../../../../../../Users/Shanuka Gammana/Documents/repos/05_ITGame/ITGame/Saved/Autosaves/Game/Levels/Level2_Auto1.umap'
[2017.11.23-03.34.38:857][670]LogSavePackage: Display: Finished SavePackage ../../../../../../Users/Shanuka Gammana/Documents/repos/05_ITGame/ITGame/Saved/Autosaves/Game/Levels/Level2_Auto1.umap
[2017.11.23-03.34.38:865][670]LogFileHelpers: Editor autosave (incl. sublevels) for '/Game/Levels/Level2' took 1.299
[2017.11.23-03.34.38:865][670]LogFileHelpers: Editor autosave (incl. sublevels) for all levels took 1.299
[2017.11.23-06.40.05:673][300]LogD3D11RHI: Timed out while waiting for GPU to catch up. (500 ms)
[2017.11.23-06.40.25:301][336]Cmd: OBJ SAVEPACKAGE PACKAGE="/Game/Levels/Level2" FILE="../../../../../../Users/Shanuka Gammana/Documents/repos/05_ITGame/ITGame/Content/Levels/Level2.umap" SILENT=true AUTOSAVING=false KEEPDIRTY=false
[2017.11.23-06.40.26:385][336]LogSavePackage: Save=1028.69ms
[2017.11.23-06.40.26:385][336]LogSavePackage: Moving '../../../../../../Users/Shanuka Gammana/Documents/repos/05_ITGame/ITGame/Saved/Level2386F55D946CE96AF52375FBFD6B97261.tmp' to '../../../../../../Users/Shanuka Gammana/Documents/repos/05_ITGame/ITGame/Content/Levels/Level2.umap'
[2017.11.23-06.40.26:413][336]LogSavePackage: Display: Finished SavePackage ../../../../../../Users/Shanuka Gammana/Documents/repos/05_ITGame/ITGame/Content/Levels/Level2.umap
[2017.11.23-06.40.27:148][336]LogFileHelpers: Saving map 'Level2' took 1.945
[2017.11.23-06.40.28:872][337]Cmd: QUIT_EDITOR
[2017.11.23-06.40.29:921][337]LogWindowsTextInputMethodSystem: Display: IME system now deactivated.
[2017.11.23-06.40.30:308][337]LogExit: Preparing to exit.
[2017.11.23-06.40.32:211][337]LogDirectoryWatcher: A directory notification for 'C:/Users/Shanuka Gammana/Documents/repos/05_ITGame/ITGame/Content/' was aborted.
[2017.11.23-06.40.32:778][337]LogExit: Editor shut down
[2017.11.23-06.40.32:880][337]LogExit: Transaction tracking system shut down
[2017.11.23-06.40.33:160][337]LogDirectoryWatcher: A directory notification for '../../../Engine/Content/' was aborted.
[2017.11.23-06.40.33:160][337]LogDirectoryWatcher: A directory notification for '../../../../../../Users/Shanuka Gammana/Documents/repos/05_ITGame/ITGame/Content/' was aborted.
[2017.11.23-06.40.33:160][337]LogDirectoryWatcher: A directory notification for '../../../Engine/Plugins/2D/Paper2D/Content/' was aborted.
[2017.11.23-06.40.33:160][337]LogDirectoryWatcher: A directory notification for '../../../Engine/Plugins/Runtime/Oculus/OculusVR/Content/' was aborted.
[2017.11.23-06.40.33:160][337]LogDirectoryWatcher: A directory notification for '../../../Engine/Plugins/Runtime/Steam/SteamVR/Content/' was aborted.
[2017.11.23-06.40.34:588][337]LogExit: Object subsystem successfully closed.
[2017.11.23-06.40.34:922][337]LogD3D11RHI: Shutdown
[2017.11.23-06.40.34:922][337]LogD3D11RHI: CleanupD3DDevice
[2017.11.23-06.40.35:241][337]LogD3D11RHI: ~FD3D11DynamicRHI
[2017.11.23-06.40.35:315][337]LogModuleManager: Shutting down and abandoning module MovieSceneCapture (540)
[2017.11.23-06.40.35:315][337]LogModuleManager: Shutting down and abandoning module BlueprintGraph (538)
[2017.11.23-06.40.35:315][337]LogModuleManager: Shutting down and abandoning module BlueprintProfiler (536)
[2017.11.23-06.40.35:318][337]LogModuleManager: Shutting down and abandoning module HierarchicalLODOutliner (534)
[2017.11.23-06.40.35:318][337]LogModuleManager: Shutting down and abandoning module ExternalImagePicker (532)
[2017.11.23-06.40.35:318][337]LogModuleManager: Shutting down and abandoning module SceneOutliner (530)
[2017.11.23-06.40.35:318][337]LogModuleManager: Shutting down and abandoning module AddContentDialog (528)
[2017.11.23-06.40.35:319][337]LogDirectoryWatcher: A directory notification for 'C:/Program Files/Epic Games/UE_4.17/FeaturePacks/' was aborted.
[2017.11.23-06.40.35:357][337]LogModuleManager: Shutting down and abandoning module WidgetCarousel (527)
[2017.11.23-06.40.35:357][337]LogModuleManager: Shutting down and abandoning module EditorWidgets (524)
[2017.11.23-06.40.35:357][337]LogModuleManager: Shutting down and abandoning module CollectionManager (522)
[2017.11.23-06.40.35:358][337]LogDirectoryWatcher: A directory notification for 'C:/Users/Shanuka Gammana/Documents/repos/05_ITGame/ITGame/Content/Collections/' was aborted.
[2017.11.23-06.40.35:358][337]LogDirectoryWatcher: A directory notification for 'C:/Users/Shanuka Gammana/Documents/repos/05_ITGame/ITGame/Content/Developers/ShanukaGammana/Collections/' was aborted.
[2017.11.23-06.40.35:358][337]LogDirectoryWatcher: A directory notification for 'C:/Users/Shanuka Gammana/Documents/repos/05_ITGame/ITGame/Saved/Collections/' was aborted.
[2017.11.23-06.40.35:358][337]LogModuleManager: Shutting down and abandoning module StatsViewer (520)
[2017.11.23-06.40.35:359][337]LogModuleManager: Shutting down and abandoning module FoliageEdit (518)
[2017.11.23-06.40.35:359][337]LogModuleManager: Shutting down and abandoning module LandscapeEditor (516)
[2017.11.23-06.40.35:360][337]LogModuleManager: Shutting down and abandoning module MeshPaintMode (514)
[2017.11.23-06.40.35:360][337]LogModuleManager: Shutting down and abandoning module SceneDepthPickerMode (512)
[2017.11.23-06.40.35:360][337]LogModuleManager: Shutting down and abandoning module ActorPickerMode (510)
[2017.11.23-06.40.35:360][337]LogModuleManager: Shutting down and abandoning module GeometryMode (508)
[2017.11.23-06.40.35:360][337]LogModuleManager: Shutting down and abandoning module TextureAlignMode (506)
[2017.11.23-06.40.35:360][337]LogModuleManager: Shutting down and abandoning module BspMode (504)
[2017.11.23-06.40.35:361][337]LogModuleManager: Shutting down and abandoning module PIEPreviewDeviceProfileSelector (502)
[2017.11.23-06.40.35:361][337]LogModuleManager: Shutting down and abandoning module HardwareSurvey (500)
[2017.11.23-06.40.35:362][337]LogModuleManager: Shutting down and abandoning module SequenceRecorderSections (498)
[2017.11.23-06.40.35:363][337]LogModuleManager: Shutting down and abandoning module AutomationWorker (496)
[2017.11.23-06.40.35:363][337]LogModuleManager: Shutting down and abandoning module MatineeToLevelSequence (494)
[2017.11.23-06.40.35:364][337]LogModuleManager: Shutting down and abandoning module LevelSequenceEditor (492)
[2017.11.23-06.40.35:368][337]LogModuleManager: Shutting down and abandoning module PlacementMode (491)
[2017.11.23-06.40.35:368][337]LogModuleManager: Shutting down and abandoning module WmfMediaFactory (488)
[2017.11.23-06.40.35:369][337]LogModuleManager: Shutting down and abandoning module WmfMediaEditor (486)
[2017.11.23-06.40.35:369][337]LogModuleManager: Shutting down and abandoning module AvfMediaFactory (484)
[2017.11.23-06.40.35:369][337]LogModuleManager: Shutting down and abandoning module AvfMediaEditor (482)
[2017.11.23-06.40.35:369][337]LogModuleManager: Shutting down and abandoning module AndroidMediaFactory (480)
[2017.11.23-06.40.35:369][337]LogModuleManager: Shutting down and abandoning module Media (479)
[2017.11.23-06.40.35:369][337]LogModuleManager: Shutting down and abandoning module AndroidMediaEditor (476)
[2017.11.23-06.40.35:369][337]LogModuleManager: Shutting down and abandoning module CharacterAI (474)
[2017.11.23-06.40.35:369][337]LogModuleManager: Shutting down and abandoning module AudioCapture (472)
[2017.11.23-06.40.35:369][337]LogModuleManager: Shutting down and abandoning module SequenceRecorder (471)
[2017.11.23-06.40.35:369][337]LogModuleManager: Shutting down and abandoning module SmartSnapping (468)
[2017.11.23-06.40.35:369][337]LogModuleManager: Shutting down and abandoning module SessionServices (466)
[2017.11.23-06.40.35:369][337]LogModuleManager: Shutting down and abandoning module ViewportSnapping (464)
[2017.11.23-06.40.35:369][337]LogModuleManager: Shutting down and abandoning module ViewportInteraction (462)
[2017.11.23-06.40.35:369][337]LogModuleManager: Shutting down and abandoning module ClothPainter (460)
[2017.11.23-06.40.35:371][337]LogModuleManager: Shutting down and abandoning module LogVisualizer (458)
[2017.11.23-06.40.35:373][337]LogModuleManager: Shutting down and abandoning module IntroTutorials (456)
[2017.11.23-06.40.35:374][337]LogModuleManager: Shutting down and abandoning module GameProjectGeneration (455)
[2017.11.23-06.40.35:376][337]LogModuleManager: Shutting down and abandoning module IOSPlatformEditor (452)
[2017.11.23-06.40.35:376][337]LogModuleManager: Shutting down and abandoning module HTML5PlatformEditor (450)
[2017.11.23-06.40.35:376][337]LogModuleManager: Shutting down and abandoning module AndroidPlatformEditor (448)
[2017.11.23-06.40.35:376][337]LogModuleManager: Shutting down and abandoning module AndroidDeviceDetection (447)
[2017.11.23-06.40.36:061][337]LogModuleManager: Shutting down and abandoning module WindowsPlatformEditor (444)
[2017.11.23-06.40.36:062][337]LogModuleManager: Shutting down and abandoning module IOSRuntimeSettings (442)
[2017.11.23-06.40.36:062][337]LogModuleManager: Shutting down and abandoning module AndroidRuntimeSettings (440)
[2017.11.23-06.40.36:062][337]LogModuleManager: Shutting down and abandoning module InputBindingEditor (438)
[2017.11.23-06.40.36:063][337]LogModuleManager: Shutting down and abandoning module MergeActors (436)
[2017.11.23-06.40.36:063][337]LogModuleManager: Shutting down and abandoning module SizeMap (434)
[2017.11.23-06.40.36:064][337]LogModuleManager: Shutting down and abandoning module TreeMap (432)
[2017.11.23-06.40.36:065][337]LogModuleManager: Shutting down and abandoning module ReferenceViewer (430)
[2017.11.23-06.40.36:065][337]LogModuleManager: Shutting down and abandoning module LocalizationDashboard (428)
[2017.11.23-06.40.36:066][337]LogModuleManager: Shutting down and abandoning module LocalizationService (427)
[2017.11.23-06.40.36:066][337]LogModuleManager: Shutting down and abandoning module HardwareTargeting (424)
[2017.11.23-06.40.36:066][337]LogModuleManager: Shutting down and abandoning module DeviceProfileEditor (422)
[2017.11.23-06.40.36:067][337]LogModuleManager: Shutting down and abandoning module UndoHistory (420)
[2017.11.23-06.40.36:067][337]LogModuleManager: Shutting down and abandoning module XmlParser (418)
[2017.11.23-06.40.36:067][337]LogModuleManager: Shutting down and abandoning module Blutility (416)
[2017.11.23-06.40.36:067][337]LogModuleManager: Shutting down and abandoning module ProjectSettingsViewer (414)
[2017.11.23-06.40.36:068][337]LogModuleManager: Shutting down and abandoning module ProjectTargetPlatformEditor (413)
[2017.11.23-06.40.36:068][337]LogModuleManager: Shutting down and abandoning module EditorSettingsViewer (410)
[2017.11.23-06.40.36:068][337]LogModuleManager: Shutting down and abandoning module SettingsEditor (408)
[2017.11.23-06.40.36:068][337]LogModuleManager: Shutting down and abandoning module ProjectLauncher (406)
[2017.11.23-06.40.36:069][337]LogModuleManager: Shutting down and abandoning module SessionFrontend (404)
[2017.11.23-06.40.36:070][337]LogModuleManager: Shutting down and abandoning module ProfilerClient (402)
[2017.11.23-06.40.36:070][337]LogModuleManager: Shutting down and abandoning module DeviceManager (400)
[2017.11.23-06.40.36:071][337]LogModuleManager: Shutting down and abandoning module TargetDeviceServices (399)
[2017.11.23-06.40.36:125][337]LogModuleManager: Shutting down and abandoning module AutomationController (396)
[2017.11.23-06.40.36:126][337]LogModuleManager: Shutting down and abandoning module AutomationWindow (394)
[2017.11.23-06.40.36:311][337]LogModuleManager: Shutting down and abandoning module Layers (392)
[2017.11.23-06.40.36:430][337]LogModuleManager: Shutting down and abandoning module ComponentVisualizers (390)
[2017.11.23-06.40.36:430][337]LogModuleManager: Shutting down and abandoning module DetailCustomizations (388)
[2017.11.23-06.40.36:431][337]LogModuleManager: Shutting down and abandoning module PackagesDialog (386)
[2017.11.23-06.40.36:431][337]LogModuleManager: Shutting down and abandoning module Persona (384)
[2017.11.23-06.40.36:432][337]LogModuleManager: Shutting down and abandoning module AdvancedPreviewScene (383)
[2017.11.23-06.40.36:432][337]LogModuleManager: Shutting down and abandoning module AnimGraph (381)
[2017.11.23-06.40.36:433][337]LogModuleManager: Shutting down and abandoning module Kismet (378)
[2017.11.23-06.40.36:452][337]LogModuleManager: Shutting down and abandoning module ClassViewer (376)
[2017.11.23-06.40.36:462][337]LogModuleManager: Shutting down and abandoning module Toolbox (374)
[2017.11.23-06.40.36:462][337]LogModuleManager: Shutting down and abandoning module ModuleUI (372)
[2017.11.23-06.40.36:462][337]LogModuleManager: Shutting down and abandoning module MovieSceneTools (370)
[2017.11.23-06.40.36:464][337]LogModuleManager: Shutting down and abandoning module OutputLog (368)
[2017.11.23-06.40.36:464][337]LogModuleManager: Shutting down and abandoning module GammaUI (366)
[2017.11.23-06.40.36:464][337]LogModuleManager: Shutting down and abandoning module Documentation (364)
[2017.11.23-06.40.36:464][337]LogModuleManager: Shutting down and abandoning module MovieSceneTracks (362)
[2017.11.23-06.40.36:464][337]LogModuleManager: Shutting down and abandoning module MovieScene (360)
[2017.11.23-06.40.36:465][337]LogModuleManager: Shutting down and abandoning module Niagara (358)
[2017.11.23-06.40.36:465][337]LogModuleManager: Shutting down and abandoning module NiagaraEditor (357)
[2017.11.23-06.40.36:467][337]LogModuleManager: Shutting down and abandoning module StreamingPauseRendering (354)
[2017.11.23-06.40.36:468][337]LogModuleManager: Shutting down and abandoning module LauncherPlatform (352)
[2017.11.23-06.40.36:468][337]LogModuleManager: Shutting down and abandoning module AnalyticsET (350)
[2017.11.23-06.40.36:468][337]LogModuleManager: Shutting down and abandoning module PortalServices (348)
[2017.11.23-06.40.36:468][337]LogModuleManager: Shutting down and abandoning module PortalRpc (346)
[2017.11.23-06.40.36:468][337]LogModuleManager: Shutting down and abandoning module MessagingRpc (344)
[2017.11.23-06.40.36:468][337]LogModuleManager: Shutting down and abandoning module AIModule (342)
[2017.11.23-06.40.36:468][337]LogModuleManager: Shutting down and abandoning module GameplayDebugger (341)
[2017.11.23-06.40.36:468][337]LogModuleManager: Shutting down and abandoning module AITestSuite (339)
[2017.11.23-06.40.36:468][337]LogModuleManager: Shutting down and abandoning module ProfilerService (336)
[2017.11.23-06.40.36:676][337]LogModuleManager: Shutting down and abandoning module TaskGraph (334)
[2017.11.23-06.40.36:847][337]LogModuleManager: Shutting down and abandoning module SteamVRController (332)
[2017.11.23-06.40.36:847][337]LogModuleManager: Shutting down and abandoning module ProceduralMeshComponentEditor (330)
[2017.11.23-06.40.36:848][337]LogModuleManager: Shutting down and abandoning module ProceduralMeshComponent (328)
[2017.11.23-06.40.36:848][337]LogModuleManager: Shutting down and abandoning module OculusInput (326)
[2017.11.23-06.40.36:848][337]LogModuleManager: Shutting down and abandoning module MobilePatchingUtils (324)
[2017.11.23-06.40.36:848][337]LogModuleManager: Shutting down and abandoning module CustomMeshComponent (322)
[2017.11.23-06.40.36:848][337]LogModuleManager: Shutting down and abandoning module CableComponent (320)
[2017.11.23-06.40.36:848][337]LogModuleManager: Shutting down and abandoning module ArchVisCharacter (318)
[2017.11.23-06.40.36:848][337]LogModuleManager: Shutting down and abandoning module AndroidPermission (316)
[2017.11.23-06.40.36:849][337]LogModuleManager: Shutting down and abandoning module MediaPlayerEditor (312)
[2017.11.23-06.40.36:851][337]LogModuleManager: Shutting down and abandoning module HTML5Networking (310)
[2017.11.23-06.40.36:851][337]LogModuleManager: Shutting down and abandoning module AlembicImporter (308)
[2017.11.23-06.40.36:852][337]LogModuleManager: Shutting down and abandoning module AlembicLibrary (307)
[2017.11.23-06.40.36:852][337]LogModuleManager: Shutting down and abandoning module GeometryCache (306)
[2017.11.23-06.40.36:852][337]LogModuleManager: Shutting down and abandoning module GeometryCacheEd (305)
[2017.11.23-06.40.36:852][337]LogModuleManager: Shutting down and abandoning module SpeedTreeImporter (300)
[2017.11.23-06.40.36:852][337]LogModuleManager: Shutting down and abandoning module PluginBrowser (298)
[2017.11.23-06.40.36:854][337]LogModuleManager: Shutting down and abandoning module MobileLauncherProfileWizard (296)
[2017.11.23-06.40.36:855][337]LogModuleManager: Shutting down and abandoning module VisualStudioSourceCodeAccess (294)
[2017.11.23-06.40.36:855][337]LogModuleManager: Shutting down and abandoning module DesktopPlatform (293)
[2017.11.23-06.40.36:856][337]LogModuleManager: Shutting down and abandoning module UObjectPlugin (290)
[2017.11.23-06.40.36:856][337]LogModuleManager: Shutting down and abandoning module SubversionSourceControl (288)
[2017.11.23-06.40.36:857][337]LogModuleManager: Shutting down and abandoning module PerforceSourceControl (286)
[2017.11.23-06.40.36:858][337]LogModuleManager: Shutting down and abandoning module GitSourceControl (284)
[2017.11.23-06.40.36:859][337]LogModuleManager: Shutting down and abandoning module SourceControl (283)
[2017.11.23-06.40.36:860][337]LogModuleManager: Shutting down and abandoning module LightPropagationVolumeEditor (280)
[2017.11.23-06.40.36:860][337]LogModuleManager: Shutting down and abandoning module PaperTiledImporter (278)
[2017.11.23-06.40.36:860][337]LogModuleManager: Shutting down and abandoning module PaperSpriteSheetImporter (276)
[2017.11.23-06.40.36:860][337]LogModuleManager: Shutting down and abandoning module Paper2DEditor (274)
[2017.11.23-06.40.36:862][337]LogModuleManager: Shutting down and abandoning module MeshPaint (273)
[2017.11.23-06.40.36:862][337]LogModuleManager: Shutting down and abandoning module LevelEditor (271)
[2017.11.23-06.40.36:867][337]LogModuleManager: Shutting down and abandoning module PixelInspectorModule (270)
[2017.11.23-06.40.36:868][337]LogModuleManager: Shutting down and abandoning module MainFrame (268)
[2017.11.23-06.40.36:868][337]LogModuleManager: Shutting down and abandoning module HotReload (267)
[2017.11.23-06.40.36:869][337]LogDirectoryWatcher: A directory notification for 'C:/Users/Shanuka Gammana/Documents/repos/05_ITGame/ITGame/Binaries/Win64' was aborted.
[2017.11.23-06.40.36:870][337]LogModuleManager: Shutting down and abandoning module ITGame (262)
[2017.11.23-06.40.36:870][337]LogModuleManager: Shutting down and abandoning module RuntimePhysXCooking (260)
[2017.11.23-06.40.36:870][337]LogModuleManager: Shutting down and abandoning module PhysXVehiclesEditor (258)
[2017.11.23-06.40.36:870][337]LogModuleManager: Shutting down and abandoning module PhysXVehicles (256)
[2017.11.23-06.40.36:870][337]LogModuleManager: Shutting down and abandoning module OculusEditor (254)
[2017.11.23-06.40.36:870][337]LogModuleManager: Shutting down and abandoning module LocationServicesBPLibrary (252)
[2017.11.23-06.40.36:871][337]LogModuleManager: Shutting down and abandoning module ImmediatePhysicsEditor (250)
[2017.11.23-06.40.36:871][337]LogModuleManager: Shutting down and abandoning module ImmediatePhysics (248)
[2017.11.23-06.40.36:871][337]LogModuleManager: Shutting down and abandoning module UdpMessaging (246)
[2017.11.23-06.40.36:972][337]LogModuleManager: Shutting down and abandoning module TcpMessaging (244)
[2017.11.23-06.40.37:074][337]LogModuleManager: Shutting down and abandoning module GameplayTagsEditor (242)
[2017.11.23-06.40.37:074][337]LogModuleManager: Shutting down and abandoning module FacialAnimationEditor (240)
[2017.11.23-06.40.37:074][337]LogModuleManager: Shutting down and abandoning module FacialAnimation (238)
[2017.11.23-06.40.37:074][337]LogModuleManager: Shutting down and abandoning module AssetManagerEditor (236)
[2017.11.23-06.40.37:076][337]LogModuleManager: Shutting down and abandoning module GraphEditor (235)
[2017.11.23-06.40.37:076][337]LogModuleManager: Shutting down and abandoning module ContentBrowser (233)
[2017.11.23-06.40.37:080][337]LogModuleManager: Shutting down and abandoning module LightPropagationVolumeRuntime (230)
[2017.11.23-06.40.37:080][337]LogModuleManager: Shutting down and abandoning module Paper2D (228)
[2017.11.23-06.40.37:080][337]LogModuleManager: Shutting down and abandoning module WindowsMoviePlayer (226)
[2017.11.23-06.40.37:081][337]LogModuleManager: Shutting down and abandoning module WmfMedia (224)
[2017.11.23-06.40.37:081][337]LogModuleManager: Shutting down and abandoning module PacketHandler (222)
[2017.11.23-06.40.37:082][337]LogModuleManager: Shutting down and abandoning module ClothingSystemEditor (220)
[2017.11.23-06.40.37:082][337]LogModuleManager: Shutting down and abandoning module ClothingSystemRuntime (218)
[2017.11.23-06.40.37:083][337]LogModuleManager: Shutting down and abandoning module Overlay (216)
[2017.11.23-06.40.37:083][337]LogModuleManager: Shutting down and abandoning module OverlayEditor (215)
[2017.11.23-06.40.37:083][337]LogModuleManager: Shutting down and abandoning module MediaAssets (212)
[2017.11.23-06.40.37:083][337]LogModuleManager: Shutting down and abandoning module VREditor (210)
[2017.11.23-06.40.37:084][337]LogModuleManager: Shutting down and abandoning module StringTableEditor (208)
[2017.11.23-06.40.37:085][337]LogModuleManager: Shutting down and abandoning module GameplayTasksEditor (206)
[2017.11.23-06.40.37:085][337]LogModuleManager: Shutting down and abandoning module BehaviorTreeEditor (204)
[2017.11.23-06.40.37:087][337]LogModuleManager: Shutting down and abandoning module FunctionalTesting (202)
[2017.11.23-06.40.37:087][337]LogModuleManager: Shutting down and abandoning module CollisionAnalyzer (200)
[2017.11.23-06.40.37:088][337]LogModuleManager: Shutting down and abandoning module WorkspaceMenuStructure (199)
[2017.11.23-06.40.37:088][337]LogModuleManager: Shutting down and abandoning module UMG (196)
[2017.11.23-06.40.37:090][337]LogModuleManager: Shutting down and abandoning module UMGEditor (195)
[2017.11.23-06.40.37:091][337]LogModuleManager: Shutting down and abandoning module Sequencer (194)
[2017.11.23-06.40.37:092][337]LogModuleManager: Shutting down and abandoning module MessageLog (191)
[2017.11.23-06.40.37:092][337]LogModuleManager: Shutting down and abandoning module SlateReflector (186)
[2017.11.23-06.40.37:095][337]LogModuleManager: Shutting down and abandoning module Slate (184)
[2017.11.23-06.40.37:095][337]LogModuleManager: Shutting down and abandoning module EditorStyle (182)
[2017.11.23-06.40.37:102][337]LogModuleManager: Shutting down and abandoning module MRMesh (180)
[2017.11.23-06.40.37:102][337]LogModuleManager: Shutting down and abandoning module SourceCodeAccess (178)
[2017.11.23-06.40.37:102][337]LogModuleManager: Shutting down and abandoning module HeadMountedDisplay (176)
[2017.11.23-06.40.37:102][337]LogModuleManager: Shutting down and abandoning module XAudio2 (174)
[2017.11.23-06.40.37:102][337]LogModuleManager: Shutting down and abandoning module Networking (172)
[2017.11.23-06.40.37:102][337]LogModuleManager: Shutting down and abandoning module Core (168)
[2017.11.23-06.40.37:102][337]LogModuleManager: Shutting down and abandoning module KismetCompiler (164)
[2017.11.23-06.40.37:102][337]LogModuleManager: Shutting down and abandoning module LevelSequence (162)
[2017.11.23-06.40.37:102][337]LogModuleManager: Shutting down and abandoning module MeshUtilities (160)
[2017.11.23-06.40.37:104][337]LogModuleManager: Shutting down and abandoning module MeshMergeUtilities (159)
[2017.11.23-06.40.37:105][337]LogModuleManager: Shutting down and abandoning module MeshReductionInterface (158)
[2017.11.23-06.40.37:105][337]LogModuleManager: Shutting down and abandoning module SimplygonSwarm (157)
[2017.11.23-06.40.37:106][337]LogModuleManager: Shutting down and abandoning module SimplygonMeshReduction (155)
[2017.11.23-06.40.37:106][337]LogModuleManager: Shutting down and abandoning module QuadricMeshReduction (153)
[2017.11.23-06.40.37:107][337]LogModuleManager: Shutting down and abandoning module MaterialBaking (149)
[2017.11.23-06.40.37:107][337]LogModuleManager: Shutting down and abandoning module DirectoryWatcher (146)
[2017.11.23-06.40.37:120][337]LogModuleManager: Shutting down and abandoning module DerivedDataCache (144)
[2017.11.23-06.40.37:158][337]LogDerivedDataCache: Shutdown
[2017.11.23-06.40.37:231][337]LogModuleManager: Shutting down and abandoning module TargetPlatform (142)
[2017.11.23-06.40.37:231][337]LogModuleManager: Shutting down and abandoning module VulkanShaderFormat (141)
[2017.11.23-06.40.37:232][337]LogModuleManager: Shutting down and abandoning module ShaderFormatVectorVM (139)
[2017.11.23-06.40.37:233][337]LogModuleManager: Shutting down and abandoning module ShaderFormatOpenGL (137)
[2017.11.23-06.40.37:233][337]LogModuleManager: Shutting down and abandoning module ShaderFormatD3D (135)
[2017.11.23-06.40.37:234][337]LogModuleManager: Shutting down and abandoning module MetalShaderFormat (133)
[2017.11.23-06.40.37:235][337]LogModuleManager: Shutting down and abandoning module TextureFormatUncompressed (131)
[2017.11.23-06.40.37:235][337]LogModuleManager: Shutting down and abandoning module TextureFormatPVR (129)
[2017.11.23-06.40.37:235][337]LogModuleManager: Shutting down and abandoning module TextureFormatDXT (127)
[2017.11.23-06.40.37:235][337]LogModuleManager: Shutting down and abandoning module TextureFormatIntelISPCTexComp (125)
[2017.11.23-06.40.37:236][337]LogModuleManager: Shutting down and abandoning module TextureFormatASTC (123)
[2017.11.23-06.40.37:236][337]LogModuleManager: Shutting down and abandoning module ImageWrapper (122)
[2017.11.23-06.40.37:236][337]LogModuleManager: Shutting down and abandoning module TextureFormatAndroid (119)
[2017.11.23-06.40.37:236][337]LogModuleManager: Shutting down and abandoning module AudioFormatOpus (117)
[2017.11.23-06.40.37:236][337]LogModuleManager: Shutting down and abandoning module AudioFormatOgg (115)
[2017.11.23-06.40.37:236][337]LogModuleManager: Shutting down and abandoning module AudioFormatADPCM (113)
[2017.11.23-06.40.37:236][337]LogModuleManager: Shutting down and abandoning module LinuxTargetPlatform (111)
[2017.11.23-06.40.37:236][337]LogModuleManager: Shutting down and abandoning module LinuxServerTargetPlatform (109)
[2017.11.23-06.40.37:236][337]LogModuleManager: Shutting down and abandoning module LinuxNoEditorTargetPlatform (107)
[2017.11.23-06.40.37:236][337]LogModuleManager: Shutting down and abandoning module LinuxClientTargetPlatform (105)
[2017.11.23-06.40.37:237][337]LogModuleManager: Shutting down and abandoning module TVOSTargetPlatform (103)
[2017.11.23-06.40.37:237][337]LogModuleManager: Shutting down and abandoning module Messaging (101)
[2017.11.23-06.40.37:237][337]LogModuleManager: Shutting down and abandoning module IOSTargetPlatform (99)
[2017.11.23-06.40.37:237][337]LogModuleManager: Shutting down and abandoning module HTML5TargetPlatform (97)
[2017.11.23-06.40.37:237][337]LogModuleManager: Shutting down and abandoning module Android_PVRTCTargetPlatform (95)
[2017.11.23-06.40.37:237][337]LogModuleManager: Shutting down and abandoning module Android_MultiTargetPlatform (93)
[2017.11.23-06.40.37:237][337]LogModuleManager: Shutting down and abandoning module Android_ETC2TargetPlatform (91)
[2017.11.23-06.40.37:237][337]LogModuleManager: Shutting down and abandoning module Android_ETC1TargetPlatform (89)
[2017.11.23-06.40.37:237][337]LogModuleManager: Shutting down and abandoning module Android_DXTTargetPlatform (87)
[2017.11.23-06.40.37:237][337]LogModuleManager: Shutting down and abandoning module Android_ATCTargetPlatform (85)
[2017.11.23-06.40.37:237][337]LogModuleManager: Shutting down and abandoning module Android_ASTCTargetPlatform (83)
[2017.11.23-06.40.37:237][337]LogModuleManager: Shutting down and abandoning module AndroidTargetPlatform (81)
[2017.11.23-06.40.37:237][337]LogModuleManager: Shutting down and abandoning module WindowsTargetPlatform (79)
[2017.11.23-06.40.37:237][337]LogModuleManager: Shutting down and abandoning module WindowsServerTargetPlatform (77)
[2017.11.23-06.40.37:237][337]LogModuleManager: Shutting down and abandoning module WindowsNoEditorTargetPlatform (75)
[2017.11.23-06.40.37:237][337]LogModuleManager: Shutting down and abandoning module WindowsClientTargetPlatform (73)
[2017.11.23-06.40.37:237][337]LogModuleManager: Shutting down and abandoning module MacTargetPlatform (71)
[2017.11.23-06.40.37:237][337]LogModuleManager: Shutting down and abandoning module MacServerTargetPlatform (69)
[2017.11.23-06.40.37:238][337]LogModuleManager: Shutting down and abandoning module MacNoEditorTargetPlatform (67)
[2017.11.23-06.40.37:238][337]LogModuleManager: Shutting down and abandoning module MacClientTargetPlatform (65)
[2017.11.23-06.40.37:238][337]LogModuleManager: Shutting down and abandoning module AllDesktopTargetPlatform (63)
[2017.11.23-06.40.37:238][337]LogModuleManager: Shutting down and abandoning module InputCore (60)
[2017.11.23-06.40.37:238][337]LogModuleManager: Shutting down and abandoning module Settings (58)
[2017.11.23-06.40.37:238][337]LogModuleManager: Shutting down and abandoning module PhysXCooking (56)
[2017.11.23-06.40.37:238][337]LogModuleManager: Shutting down and abandoning module SteamVR (54)
[2017.11.23-06.40.37:238][337]LogModuleManager: Shutting down and abandoning module OculusHMD (52)
[2017.11.23-06.40.37:238][337]LogModuleManager: Shutting down and abandoning module ExampleDeviceProfileSelector (50)
[2017.11.23-06.40.37:239][337]LogModuleManager: Shutting down and abandoning module OnlineBlueprintSupport (48)
[2017.11.23-06.40.37:239][337]LogModuleManager: Shutting down and abandoning module OnlineSubsystem (44)
[2017.11.23-06.40.37:239][337]LogOnline: Display: Unloading online subsystem: NULL
[2017.11.23-06.40.37:240][337]LogModuleManager: Shutting down and abandoning module XMPP (43)
[2017.11.23-06.40.37:242][337]LogModuleManager: Shutting down and abandoning module HTTP (41)
[2017.11.23-06.40.37:242][337]LogHttp: Display: Http module shutting down, but needs to wait on 1 outstanding Http requests:
[2017.11.23-06.40.37:242][337]LogHttp: Display: 	verb=[POST] url=[https://datarouter.ol.epicgames.com/datarouter/api/v1/public/data?SessionID=%7BF4CE1D74-42E4-5AD2-9AA3-65808B286485%7D&AppID=UEEditor.Rocket.Release&AppVersion=4.17.2-3658906%2B%2B%2BUE4%2BRelease-4.17&UserID=2be4293f48a78f4346acb9b0df5ea3cb%7C37da8ec2110f481aa7c7a3f85210342e%7C19f7ebfd-0cd9-4990-9002-254ae2411918&AppEnvironment=datacollector-binary&UploadType=eteventstream] status=Processing
[2017.11.23-06.40.37:247][337]LogModuleManager: Shutting down and abandoning module SSL (40)
[2017.11.23-06.40.37:253][337]LogModuleManager: Shutting down and abandoning module AnimationModifiers (36)
[2017.11.23-06.40.37:254][337]LogModuleManager: Shutting down and abandoning module PropertyEditor (35)
[2017.11.23-06.40.37:255][337]LogModuleManager: Shutting down and abandoning module AudioEditor (32)
[2017.11.23-06.40.37:256][337]LogModuleManager: Shutting down and abandoning module TextureCompressor (30)
[2017.11.23-06.40.37:257][337]LogModuleManager: Shutting down and abandoning module ShaderCore (28)
[2017.11.23-06.40.37:257][337]LogModuleManager: Shutting down and abandoning module Landscape (26)
[2017.11.23-06.40.37:257][337]LogModuleManager: Shutting down and abandoning module SlateRHIRenderer (24)
[2017.11.23-06.40.37:276][337]LogModuleManager: Shutting down and abandoning module OpenGLDrv (22)
[2017.11.23-06.40.37:276][337]LogModuleManager: Shutting down and abandoning module D3D11RHI (20)
[2017.11.23-06.40.37:276][337]LogModuleManager: Shutting down and abandoning module AnimGraphRuntime (18)
[2017.11.23-06.40.37:277][337]LogModuleManager: Shutting down and abandoning module Renderer (16)
[2017.11.23-06.40.37:277][337]LogModuleManager: Shutting down and abandoning module Engine (14)
[2017.11.23-06.40.37:277][337]LogModuleManager: Shutting down and abandoning module CoreUObject (12)
[2017.11.23-06.40.37:277][337]LogModuleManager: Shutting down and abandoning module NetworkFile (10)
[2017.11.23-06.40.37:277][337]LogModuleManager: Shutting down and abandoning module CookedIterativeFile (8)
[2017.11.23-06.40.37:277][337]LogModuleManager: Shutting down and abandoning module StreamingFile (6)
[2017.11.23-06.40.37:277][337]LogModuleManager: Shutting down and abandoning module SandboxFile (4)
[2017.11.23-06.40.37:278][337]LogModuleManager: Shutting down and abandoning module PakFile (2)
[2017.11.23-06.40.37:284][337]LogExit: Exiting.
[2017.11.23-06.40.37:459][337]Log file closed, 11/23/17 17:40:37
